<?xml version="1.0" encoding="UTF-8"?>
<!-- Generated by org.testng.reporters.JUnitReportReporter -->
<testsuite hostname="abduls-mbp-2" failures="0" tests="2" name="con.seleniumGrid.SeleniumGridSample" time="37.901" errors="0" timestamp="04 Jan 2020 12:09:06 GMT" skipped="0">
  <testcase classname="con.seleniumGrid.SeleniumGridSample" name="launchBrowser" time="6.144"/>
  <testcase classname="con.seleniumGrid.SeleniumGridSample" name="launchBrowser" time="31.757"/>
</testsuite> <!-- con.seleniumGrid.SeleniumGridSample -->
